<?xml version="1.0" encoding="UTF-8"?>
<!-- Generated by org.testng.reporters.JUnitReportReporter -->
<testsuite skipped="0" hostname="harish-Vostro-3558" name="Header.Starter" tests="1" failures="0" timestamp="29 May 2018 20:07:42 GMT" time="14.500" errors="0">
  <testcase name="login" time="14.500" classname="Header.Starter"/>
</testsuite> <!-- Header.Starter -->
