<?xml version="1.0" encoding="UTF-8"?>
<!-- Generated by org.testng.reporters.JUnitReportReporter -->
<testsuite skipped="0" hostname="harish-Vostro-3558" name="Header.Starter" tests="3" failures="0" timestamp="29 May 2018 20:41:10 GMT" time="12.255" errors="0">
  <testcase name="login" time="11.176" classname="Header.Starter"/>
  <testcase name="pickcampaign" time="0.900" classname="Header.Starter"/>
  <testcase name="report" time="0.179" classname="Header.Starter"/>
</testsuite> <!-- Header.Starter -->
