<?xml version="1.0" encoding="UTF-8"?>
<!-- Generated by org.testng.reporters.JUnitReportReporter -->
<testsuite skipped="0" hostname="harish-Vostro-3558" name="Header.Starter" tests="2" failures="0" timestamp="29 May 2018 20:20:17 GMT" time="15.262" errors="0">
  <testcase name="login" time="13.660" classname="Header.Starter"/>
  <testcase name="pickcampaign" time="1.602" classname="Header.Starter"/>
</testsuite> <!-- Header.Starter -->
